2024-11-28 12:32:27,033 INFO o.a.j.u.JMeterUtils: Setting Locale to en_EN
2024-11-28 12:32:27,046 INFO o.a.j.JMeter: Loading user properties from: /opt/homebrew/Cellar/jmeter/5.6.3/libexec/bin/user.properties
2024-11-28 12:32:27,046 INFO o.a.j.JMeter: Loading system properties from: /opt/homebrew/Cellar/jmeter/5.6.3/libexec/bin/system.properties
2024-11-28 12:32:27,049 INFO o.a.j.JMeter: Copyright (c) 1998-2024 The Apache Software Foundation
2024-11-28 12:32:27,049 INFO o.a.j.JMeter: Version 5.6.3
2024-11-28 12:32:27,049 INFO o.a.j.JMeter: java.version=21.0.5
2024-11-28 12:32:27,049 INFO o.a.j.JMeter: java.vm.name=OpenJDK 64-Bit Server VM
2024-11-28 12:32:27,049 INFO o.a.j.JMeter: os.name=Mac OS X
2024-11-28 12:32:27,049 INFO o.a.j.JMeter: os.arch=aarch64
2024-11-28 12:32:27,049 INFO o.a.j.JMeter: os.version=15.1.1
2024-11-28 12:32:27,049 INFO o.a.j.JMeter: file.encoding=UTF-8
2024-11-28 12:32:27,049 INFO o.a.j.JMeter: java.awt.headless=true
2024-11-28 12:32:27,049 INFO o.a.j.JMeter: Max memory     =1073741824
2024-11-28 12:32:27,049 INFO o.a.j.JMeter: Available Processors =8
2024-11-28 12:32:27,054 INFO o.a.j.JMeter: Default Locale=English (EN)
2024-11-28 12:32:27,055 INFO o.a.j.JMeter: JMeter  Locale=English (EN)
2024-11-28 12:32:27,055 INFO o.a.j.JMeter: JMeterHome=/opt/homebrew/Cellar/jmeter/5.6.3/libexec
2024-11-28 12:32:27,055 INFO o.a.j.JMeter: user.dir  =/Users/kaloslazo/CompHub/Uni2024/Ingenieria de Software/SimulacroEF
2024-11-28 12:32:27,055 INFO o.a.j.JMeter: PWD       =/Users/kaloslazo/CompHub/Uni2024/Ingenieria de Software/SimulacroEF
2024-11-28 12:32:27,056 INFO o.a.j.JMeter: IP: 192.168.100.111 Name: mbp FullName: 192.168.100.111
2024-11-28 12:32:27,062 INFO o.a.j.s.FileServer: Default base='/Users/kaloslazo/CompHub/Uni2024/Ingenieria de Software/SimulacroEF'
2024-11-28 12:32:27,063 INFO o.a.j.s.FileServer: Set new base='/Users/kaloslazo/CompHub/Uni2024/Ingenieria de Software/SimulacroEF/app/tests/jmeter'
2024-11-28 12:32:27,142 INFO o.a.j.s.SaveService: Testplan (JMX) version: 2.2. Testlog (JTL) version: 2.2
2024-11-28 12:32:27,162 INFO o.a.j.s.SaveService: Using SaveService properties version 5.0
2024-11-28 12:32:27,163 INFO o.a.j.s.SaveService: Using SaveService properties file encoding UTF-8
2024-11-28 12:32:27,164 INFO o.a.j.s.SaveService: Loading file: app/tests/jmeter/test_plan_2.jmx
2024-11-28 12:32:27,193 INFO o.a.j.p.h.s.HTTPSamplerBase: Parser for text/html is org.apache.jmeter.protocol.http.parser.LagartoBasedHtmlParser
2024-11-28 12:32:27,193 INFO o.a.j.p.h.s.HTTPSamplerBase: Parser for application/xhtml+xml is org.apache.jmeter.protocol.http.parser.LagartoBasedHtmlParser
2024-11-28 12:32:27,193 INFO o.a.j.p.h.s.HTTPSamplerBase: Parser for application/xml is org.apache.jmeter.protocol.http.parser.LagartoBasedHtmlParser
2024-11-28 12:32:27,193 INFO o.a.j.p.h.s.HTTPSamplerBase: Parser for text/xml is org.apache.jmeter.protocol.http.parser.LagartoBasedHtmlParser
2024-11-28 12:32:27,193 INFO o.a.j.p.h.s.HTTPSamplerBase: Parser for text/vnd.wap.wml is org.apache.jmeter.protocol.http.parser.RegexpHTMLParser
2024-11-28 12:32:27,193 INFO o.a.j.p.h.s.HTTPSamplerBase: Parser for text/css is org.apache.jmeter.protocol.http.parser.CssParser
2024-11-28 12:32:27,197 INFO o.a.j.JMeter: Creating summariser <summary>
2024-11-28 12:32:27,206 INFO o.a.j.e.StandardJMeterEngine: Running the test!
2024-11-28 12:32:27,207 INFO o.a.j.s.SampleEvent: List of sample_variables: []
2024-11-28 12:32:27,207 INFO o.a.j.s.SampleEvent: List of sample_variables: []
2024-11-28 12:32:27,208 INFO o.a.j.e.u.CompoundVariable: Note: Function class names must contain the string: '.functions.'
2024-11-28 12:32:27,208 INFO o.a.j.e.u.CompoundVariable: Note: Function class names must not contain the string: '.gui.'
2024-11-28 12:32:27,232 INFO o.a.j.r.ClassFinder: Will scan jar /opt/homebrew/Cellar/jmeter/5.6.3/libexec/lib/ext/jmeter-plugins-manager-1.9.jar with filter ExtendsClassFilter [parents=[interface org.apache.jmeter.functions.Function], inner=false, contains=null, notContains=null]. Consider exposing JMeter plugins via META-INF/services, and add JMeter-Skip-Class-Scanning=true manifest attribute so JMeter can skip classfile scanning
2024-11-28 12:32:27,268 INFO o.a.j.JMeter: Running test (1732815147268)
2024-11-28 12:32:27,276 INFO o.a.j.e.StandardJMeterEngine: Starting ThreadGroup: 1 : Thread Group
2024-11-28 12:32:27,276 INFO o.a.j.e.StandardJMeterEngine: Starting 100 threads for group Thread Group.
2024-11-28 12:32:27,276 INFO o.a.j.e.StandardJMeterEngine: Thread will continue on error
2024-11-28 12:32:27,276 INFO o.a.j.t.ThreadGroup: Starting thread group... number=1 threads=100 ramp-up=1 delayedStart=false
2024-11-28 12:32:27,279 INFO o.a.j.t.JMeterThread: Thread started: Thread Group 1-1
2024-11-28 12:32:27,287 INFO o.a.j.t.ThreadGroup: Started thread group number 1
2024-11-28 12:32:27,287 INFO o.a.j.e.StandardJMeterEngine: All thread groups have been started
2024-11-28 12:32:27,287 INFO o.a.j.t.JMeterThread: Thread started: Thread Group 1-2
2024-11-28 12:32:27,287 INFO o.a.j.p.h.s.HTTPHCAbstractImpl: Local host = mbp
2024-11-28 12:32:27,290 INFO o.a.j.p.h.s.HTTPHC4Impl: HTTP request retry count = 0
2024-11-28 12:32:27,290 INFO o.a.j.s.SampleResult: Note: Sample TimeStamps are START times
2024-11-28 12:32:27,290 INFO o.a.j.s.SampleResult: sampleresult.default.encoding is set to UTF-8
2024-11-28 12:32:27,291 INFO o.a.j.s.SampleResult: sampleresult.useNanoTime=true
2024-11-28 12:32:27,291 INFO o.a.j.s.SampleResult: sampleresult.nanoThreadSleep=5000
2024-11-28 12:32:27,301 INFO o.a.j.t.JMeterThread: Thread started: Thread Group 1-3
2024-11-28 12:32:27,308 INFO o.a.j.t.JMeterThread: Thread started: Thread Group 1-4
2024-11-28 12:32:27,320 INFO o.a.j.t.JMeterThread: Thread started: Thread Group 1-5
2024-11-28 12:32:27,327 INFO o.a.j.t.JMeterThread: Thread started: Thread Group 1-6
2024-11-28 12:32:27,341 INFO o.a.j.t.JMeterThread: Thread started: Thread Group 1-7
2024-11-28 12:32:27,352 INFO o.a.j.t.JMeterThread: Thread started: Thread Group 1-8
2024-11-28 12:32:27,359 INFO o.a.j.t.JMeterThread: Thread started: Thread Group 1-9
2024-11-28 12:32:27,370 INFO o.a.j.t.JMeterThread: Thread started: Thread Group 1-10
2024-11-28 12:32:27,377 INFO o.a.j.t.JMeterThread: Thread started: Thread Group 1-11
2024-11-28 12:32:27,387 INFO o.a.j.t.JMeterThread: Thread started: Thread Group 1-12
2024-11-28 12:32:27,396 INFO o.a.j.t.JMeterThread: Thread started: Thread Group 1-13
2024-11-28 12:32:27,410 INFO o.a.j.t.JMeterThread: Thread started: Thread Group 1-14
2024-11-28 12:32:27,419 INFO o.a.j.t.JMeterThread: Thread started: Thread Group 1-15
2024-11-28 12:32:27,427 INFO o.a.j.t.JMeterThread: Thread started: Thread Group 1-16
2024-11-28 12:32:27,436 INFO o.a.j.t.JMeterThread: Thread started: Thread Group 1-17
2024-11-28 12:32:27,448 INFO o.a.j.t.JMeterThread: Thread started: Thread Group 1-18
2024-11-28 12:32:27,449 INFO o.a.j.t.JMeterThread: Thread is done: Thread Group 1-5
2024-11-28 12:32:27,449 INFO o.a.j.t.JMeterThread: Thread finished: Thread Group 1-5
2024-11-28 12:32:27,454 INFO o.a.j.t.JMeterThread: Thread is done: Thread Group 1-4
2024-11-28 12:32:27,454 INFO o.a.j.t.JMeterThread: Thread finished: Thread Group 1-4
2024-11-28 12:32:27,456 INFO o.a.j.t.JMeterThread: Thread is done: Thread Group 1-9
2024-11-28 12:32:27,456 INFO o.a.j.t.JMeterThread: Thread finished: Thread Group 1-9
2024-11-28 12:32:27,457 INFO o.a.j.t.JMeterThread: Thread started: Thread Group 1-19
2024-11-28 12:32:27,462 INFO o.a.j.t.JMeterThread: Thread is done: Thread Group 1-2
2024-11-28 12:32:27,462 INFO o.a.j.t.JMeterThread: Thread finished: Thread Group 1-2
2024-11-28 12:32:27,466 INFO o.a.j.t.JMeterThread: Thread is done: Thread Group 1-6
2024-11-28 12:32:27,466 INFO o.a.j.t.JMeterThread: Thread finished: Thread Group 1-6
2024-11-28 12:32:27,466 INFO o.a.j.t.JMeterThread: Thread is done: Thread Group 1-3
2024-11-28 12:32:27,466 INFO o.a.j.t.JMeterThread: Thread finished: Thread Group 1-3
2024-11-28 12:32:27,467 INFO o.a.j.t.JMeterThread: Thread started: Thread Group 1-20
2024-11-28 12:32:27,470 INFO o.a.j.t.JMeterThread: Thread is done: Thread Group 1-7
2024-11-28 12:32:27,470 INFO o.a.j.t.JMeterThread: Thread finished: Thread Group 1-7
2024-11-28 12:32:27,471 INFO o.a.j.t.JMeterThread: Thread is done: Thread Group 1-1
2024-11-28 12:32:27,471 INFO o.a.j.t.JMeterThread: Thread finished: Thread Group 1-1
2024-11-28 12:32:27,472 INFO o.a.j.t.JMeterThread: Thread is done: Thread Group 1-8
2024-11-28 12:32:27,472 INFO o.a.j.t.JMeterThread: Thread finished: Thread Group 1-8
2024-11-28 12:32:27,478 INFO o.a.j.t.JMeterThread: Thread is done: Thread Group 1-10
2024-11-28 12:32:27,478 INFO o.a.j.t.JMeterThread: Thread finished: Thread Group 1-10
2024-11-28 12:32:27,479 INFO o.a.j.t.JMeterThread: Thread started: Thread Group 1-21
2024-11-28 12:32:27,486 INFO o.a.j.t.JMeterThread: Thread is done: Thread Group 1-12
2024-11-28 12:32:27,486 INFO o.a.j.t.JMeterThread: Thread finished: Thread Group 1-12
2024-11-28 12:32:27,487 INFO o.a.j.t.JMeterThread: Thread started: Thread Group 1-22
2024-11-28 12:32:27,492 INFO o.a.j.t.JMeterThread: Thread is done: Thread Group 1-13
2024-11-28 12:32:27,492 INFO o.a.j.t.JMeterThread: Thread finished: Thread Group 1-13
2024-11-28 12:32:27,494 INFO o.a.j.t.JMeterThread: Thread is done: Thread Group 1-11
2024-11-28 12:32:27,494 INFO o.a.j.t.JMeterThread: Thread finished: Thread Group 1-11
2024-11-28 12:32:27,497 INFO o.a.j.t.JMeterThread: Thread started: Thread Group 1-23
2024-11-28 12:32:27,508 INFO o.a.j.t.JMeterThread: Thread started: Thread Group 1-24
2024-11-28 12:32:27,515 INFO o.a.j.t.JMeterThread: Thread is done: Thread Group 1-14
2024-11-28 12:32:27,515 INFO o.a.j.t.JMeterThread: Thread finished: Thread Group 1-14
2024-11-28 12:32:27,518 INFO o.a.j.t.JMeterThread: Thread started: Thread Group 1-25
2024-11-28 12:32:27,521 INFO o.a.j.t.JMeterThread: Thread is done: Thread Group 1-16
2024-11-28 12:32:27,521 INFO o.a.j.t.JMeterThread: Thread finished: Thread Group 1-16
2024-11-28 12:32:27,522 INFO o.a.j.t.JMeterThread: Thread is done: Thread Group 1-17
2024-11-28 12:32:27,522 INFO o.a.j.t.JMeterThread: Thread finished: Thread Group 1-17
2024-11-28 12:32:27,522 INFO o.a.j.t.JMeterThread: Thread is done: Thread Group 1-15
2024-11-28 12:32:27,522 INFO o.a.j.t.JMeterThread: Thread finished: Thread Group 1-15
2024-11-28 12:32:27,528 INFO o.a.j.t.JMeterThread: Thread is done: Thread Group 1-19
2024-11-28 12:32:27,528 INFO o.a.j.t.JMeterThread: Thread finished: Thread Group 1-19
2024-11-28 12:32:27,530 INFO o.a.j.t.JMeterThread: Thread started: Thread Group 1-26
2024-11-28 12:32:27,534 INFO o.a.j.t.JMeterThread: Thread is done: Thread Group 1-18
2024-11-28 12:32:27,534 INFO o.a.j.t.JMeterThread: Thread finished: Thread Group 1-18
2024-11-28 12:32:27,536 INFO o.a.j.t.JMeterThread: Thread started: Thread Group 1-27
2024-11-28 12:32:27,542 INFO o.a.j.t.JMeterThread: Thread is done: Thread Group 1-22
2024-11-28 12:32:27,542 INFO o.a.j.t.JMeterThread: Thread finished: Thread Group 1-22
2024-11-28 12:32:27,543 INFO o.a.j.t.JMeterThread: Thread is done: Thread Group 1-20
2024-11-28 12:32:27,543 INFO o.a.j.t.JMeterThread: Thread finished: Thread Group 1-20
2024-11-28 12:32:27,546 INFO o.a.j.t.JMeterThread: Thread is done: Thread Group 1-21
2024-11-28 12:32:27,546 INFO o.a.j.t.JMeterThread: Thread finished: Thread Group 1-21
2024-11-28 12:32:27,548 INFO o.a.j.t.JMeterThread: Thread started: Thread Group 1-28
2024-11-28 12:32:27,551 INFO o.a.j.t.JMeterThread: Thread is done: Thread Group 1-23
2024-11-28 12:32:27,551 INFO o.a.j.t.JMeterThread: Thread finished: Thread Group 1-23
2024-11-28 12:32:27,558 INFO o.a.j.t.JMeterThread: Thread is done: Thread Group 1-24
2024-11-28 12:32:27,558 INFO o.a.j.t.JMeterThread: Thread finished: Thread Group 1-24
2024-11-28 12:32:27,560 INFO o.a.j.t.JMeterThread: Thread started: Thread Group 1-29
2024-11-28 12:32:27,560 INFO o.a.j.t.JMeterThread: Thread is done: Thread Group 1-25
2024-11-28 12:32:27,560 INFO o.a.j.t.JMeterThread: Thread finished: Thread Group 1-25
2024-11-28 12:32:27,571 INFO o.a.j.t.JMeterThread: Thread started: Thread Group 1-30
2024-11-28 12:32:27,579 INFO o.a.j.t.JMeterThread: Thread started: Thread Group 1-31
2024-11-28 12:32:27,589 INFO o.a.j.t.JMeterThread: Thread started: Thread Group 1-32
2024-11-28 12:32:27,592 INFO o.a.j.t.JMeterThread: Thread is done: Thread Group 1-26
2024-11-28 12:32:27,592 INFO o.a.j.t.JMeterThread: Thread finished: Thread Group 1-26
2024-11-28 12:32:27,593 INFO o.a.j.t.JMeterThread: Thread is done: Thread Group 1-27
2024-11-28 12:32:27,593 INFO o.a.j.t.JMeterThread: Thread finished: Thread Group 1-27
2024-11-28 12:32:27,597 INFO o.a.j.t.JMeterThread: Thread started: Thread Group 1-33
2024-11-28 12:32:27,602 INFO o.a.j.t.JMeterThread: Thread is done: Thread Group 1-28
2024-11-28 12:32:27,602 INFO o.a.j.t.JMeterThread: Thread finished: Thread Group 1-28
2024-11-28 12:32:27,610 INFO o.a.j.t.JMeterThread: Thread started: Thread Group 1-34
2024-11-28 12:32:27,616 INFO o.a.j.t.JMeterThread: Thread is done: Thread Group 1-31
2024-11-28 12:32:27,616 INFO o.a.j.t.JMeterThread: Thread finished: Thread Group 1-31
2024-11-28 12:32:27,616 INFO o.a.j.t.JMeterThread: Thread is done: Thread Group 1-30
2024-11-28 12:32:27,616 INFO o.a.j.t.JMeterThread: Thread finished: Thread Group 1-30
2024-11-28 12:32:27,616 INFO o.a.j.t.JMeterThread: Thread is done: Thread Group 1-29
2024-11-28 12:32:27,616 INFO o.a.j.t.JMeterThread: Thread finished: Thread Group 1-29
2024-11-28 12:32:27,620 INFO o.a.j.t.JMeterThread: Thread is done: Thread Group 1-32
2024-11-28 12:32:27,620 INFO o.a.j.t.JMeterThread: Thread finished: Thread Group 1-32
2024-11-28 12:32:27,621 INFO o.a.j.t.JMeterThread: Thread started: Thread Group 1-35
2024-11-28 12:32:27,625 INFO o.a.j.t.JMeterThread: Thread is done: Thread Group 1-33
2024-11-28 12:32:27,625 INFO o.a.j.t.JMeterThread: Thread finished: Thread Group 1-33
2024-11-28 12:32:27,628 INFO o.a.j.t.JMeterThread: Thread started: Thread Group 1-36
2024-11-28 12:32:27,629 INFO o.a.j.t.JMeterThread: Thread is done: Thread Group 1-34
2024-11-28 12:32:27,629 INFO o.a.j.t.JMeterThread: Thread finished: Thread Group 1-34
2024-11-28 12:32:27,636 INFO o.a.j.t.JMeterThread: Thread is done: Thread Group 1-35
2024-11-28 12:32:27,636 INFO o.a.j.t.JMeterThread: Thread finished: Thread Group 1-35
2024-11-28 12:32:27,638 INFO o.a.j.t.JMeterThread: Thread started: Thread Group 1-37
2024-11-28 12:32:27,641 INFO o.a.j.t.JMeterThread: Thread is done: Thread Group 1-36
2024-11-28 12:32:27,641 INFO o.a.j.t.JMeterThread: Thread finished: Thread Group 1-36
2024-11-28 12:32:27,647 INFO o.a.j.t.JMeterThread: Thread is done: Thread Group 1-37
2024-11-28 12:32:27,647 INFO o.a.j.t.JMeterThread: Thread finished: Thread Group 1-37
2024-11-28 12:32:27,649 INFO o.a.j.t.JMeterThread: Thread started: Thread Group 1-38
2024-11-28 12:32:27,658 INFO o.a.j.t.JMeterThread: Thread is done: Thread Group 1-38
2024-11-28 12:32:27,658 INFO o.a.j.t.JMeterThread: Thread started: Thread Group 1-39
2024-11-28 12:32:27,658 INFO o.a.j.t.JMeterThread: Thread finished: Thread Group 1-38
2024-11-28 12:32:27,667 INFO o.a.j.t.JMeterThread: Thread is done: Thread Group 1-39
2024-11-28 12:32:27,667 INFO o.a.j.t.JMeterThread: Thread finished: Thread Group 1-39
2024-11-28 12:32:27,668 INFO o.a.j.t.JMeterThread: Thread started: Thread Group 1-40
2024-11-28 12:32:27,676 INFO o.a.j.t.JMeterThread: Thread started: Thread Group 1-41
2024-11-28 12:32:27,678 INFO o.a.j.t.JMeterThread: Thread is done: Thread Group 1-40
2024-11-28 12:32:27,678 INFO o.a.j.t.JMeterThread: Thread finished: Thread Group 1-40
2024-11-28 12:32:27,685 INFO o.a.j.t.JMeterThread: Thread is done: Thread Group 1-41
2024-11-28 12:32:27,685 INFO o.a.j.t.JMeterThread: Thread finished: Thread Group 1-41
2024-11-28 12:32:27,691 INFO o.a.j.t.JMeterThread: Thread started: Thread Group 1-42
2024-11-28 12:32:27,697 INFO o.a.j.t.JMeterThread: Thread started: Thread Group 1-43
2024-11-28 12:32:27,701 INFO o.a.j.t.JMeterThread: Thread is done: Thread Group 1-42
2024-11-28 12:32:27,701 INFO o.a.j.t.JMeterThread: Thread finished: Thread Group 1-42
2024-11-28 12:32:27,707 INFO o.a.j.t.JMeterThread: Thread is done: Thread Group 1-43
2024-11-28 12:32:27,707 INFO o.a.j.t.JMeterThread: Thread finished: Thread Group 1-43
2024-11-28 12:32:27,711 INFO o.a.j.t.JMeterThread: Thread started: Thread Group 1-44
2024-11-28 12:32:27,717 INFO o.a.j.t.JMeterThread: Thread started: Thread Group 1-45
2024-11-28 12:32:27,722 INFO o.a.j.t.JMeterThread: Thread is done: Thread Group 1-44
2024-11-28 12:32:27,722 INFO o.a.j.t.JMeterThread: Thread finished: Thread Group 1-44
2024-11-28 12:32:27,727 INFO o.a.j.t.JMeterThread: Thread started: Thread Group 1-46
2024-11-28 12:32:27,728 INFO o.a.j.t.JMeterThread: Thread is done: Thread Group 1-45
2024-11-28 12:32:27,728 INFO o.a.j.t.JMeterThread: Thread finished: Thread Group 1-45
2024-11-28 12:32:27,736 INFO o.a.j.t.JMeterThread: Thread is done: Thread Group 1-46
2024-11-28 12:32:27,736 INFO o.a.j.t.JMeterThread: Thread finished: Thread Group 1-46
2024-11-28 12:32:27,738 INFO o.a.j.t.JMeterThread: Thread started: Thread Group 1-47
2024-11-28 12:32:27,746 INFO o.a.j.t.JMeterThread: Thread is done: Thread Group 1-47
2024-11-28 12:32:27,746 INFO o.a.j.t.JMeterThread: Thread finished: Thread Group 1-47
2024-11-28 12:32:27,749 INFO o.a.j.t.JMeterThread: Thread started: Thread Group 1-48
2024-11-28 12:32:27,757 INFO o.a.j.t.JMeterThread: Thread is done: Thread Group 1-48
2024-11-28 12:32:27,757 INFO o.a.j.t.JMeterThread: Thread finished: Thread Group 1-48
2024-11-28 12:32:27,757 INFO o.a.j.t.JMeterThread: Thread started: Thread Group 1-49
2024-11-28 12:32:27,765 INFO o.a.j.t.JMeterThread: Thread is done: Thread Group 1-49
2024-11-28 12:32:27,765 INFO o.a.j.t.JMeterThread: Thread finished: Thread Group 1-49
2024-11-28 12:32:27,766 INFO o.a.j.t.JMeterThread: Thread started: Thread Group 1-50
2024-11-28 12:32:27,774 INFO o.a.j.t.JMeterThread: Thread is done: Thread Group 1-50
2024-11-28 12:32:27,775 INFO o.a.j.t.JMeterThread: Thread finished: Thread Group 1-50
2024-11-28 12:32:27,781 INFO o.a.j.t.JMeterThread: Thread started: Thread Group 1-51
2024-11-28 12:32:27,790 INFO o.a.j.t.JMeterThread: Thread is done: Thread Group 1-51
2024-11-28 12:32:27,790 INFO o.a.j.t.JMeterThread: Thread finished: Thread Group 1-51
2024-11-28 12:32:27,791 INFO o.a.j.t.JMeterThread: Thread started: Thread Group 1-52
2024-11-28 12:32:27,796 INFO o.a.j.t.JMeterThread: Thread started: Thread Group 1-53
2024-11-28 12:32:27,807 INFO o.a.j.t.JMeterThread: Thread is done: Thread Group 1-52
2024-11-28 12:32:27,807 INFO o.a.j.t.JMeterThread: Thread finished: Thread Group 1-52
2024-11-28 12:32:27,811 INFO o.a.j.t.JMeterThread: Thread started: Thread Group 1-54
2024-11-28 12:32:27,819 INFO o.a.j.t.JMeterThread: Thread is done: Thread Group 1-53
2024-11-28 12:32:27,819 INFO o.a.j.t.JMeterThread: Thread finished: Thread Group 1-53
2024-11-28 12:32:27,820 INFO o.a.j.t.JMeterThread: Thread started: Thread Group 1-55
2024-11-28 12:32:27,830 INFO o.a.j.t.JMeterThread: Thread started: Thread Group 1-56
2024-11-28 12:32:27,842 INFO o.a.j.t.JMeterThread: Thread started: Thread Group 1-57
2024-11-28 12:32:27,842 INFO o.a.j.t.JMeterThread: Thread is done: Thread Group 1-54
2024-11-28 12:32:27,842 INFO o.a.j.t.JMeterThread: Thread finished: Thread Group 1-54
2024-11-28 12:32:27,850 INFO o.a.j.t.JMeterThread: Thread is done: Thread Group 1-55
2024-11-28 12:32:27,850 INFO o.a.j.t.JMeterThread: Thread finished: Thread Group 1-55
2024-11-28 12:32:27,852 INFO o.a.j.t.JMeterThread: Thread is done: Thread Group 1-56
2024-11-28 12:32:27,852 INFO o.a.j.t.JMeterThread: Thread finished: Thread Group 1-56
2024-11-28 12:32:27,852 INFO o.a.j.t.JMeterThread: Thread started: Thread Group 1-58
2024-11-28 12:32:27,857 INFO o.a.j.t.JMeterThread: Thread started: Thread Group 1-59
2024-11-28 12:32:27,858 INFO o.a.j.t.JMeterThread: Thread is done: Thread Group 1-57
2024-11-28 12:32:27,858 INFO o.a.j.t.JMeterThread: Thread finished: Thread Group 1-57
2024-11-28 12:32:27,865 INFO o.a.j.t.JMeterThread: Thread is done: Thread Group 1-58
2024-11-28 12:32:27,865 INFO o.a.j.t.JMeterThread: Thread finished: Thread Group 1-58
2024-11-28 12:32:27,866 INFO o.a.j.t.JMeterThread: Thread started: Thread Group 1-60
2024-11-28 12:32:27,870 INFO o.a.j.t.JMeterThread: Thread is done: Thread Group 1-59
2024-11-28 12:32:27,870 INFO o.a.j.t.JMeterThread: Thread finished: Thread Group 1-59
2024-11-28 12:32:27,877 INFO o.a.j.t.JMeterThread: Thread is done: Thread Group 1-60
2024-11-28 12:32:27,877 INFO o.a.j.t.JMeterThread: Thread finished: Thread Group 1-60
2024-11-28 12:32:27,879 INFO o.a.j.t.JMeterThread: Thread started: Thread Group 1-61
2024-11-28 12:32:27,887 INFO o.a.j.t.JMeterThread: Thread started: Thread Group 1-62
2024-11-28 12:32:27,892 INFO o.a.j.t.JMeterThread: Thread is done: Thread Group 1-61
2024-11-28 12:32:27,892 INFO o.a.j.t.JMeterThread: Thread finished: Thread Group 1-61
2024-11-28 12:32:27,896 INFO o.a.j.t.JMeterThread: Thread started: Thread Group 1-63
2024-11-28 12:32:27,898 INFO o.a.j.t.JMeterThread: Thread is done: Thread Group 1-62
2024-11-28 12:32:27,898 INFO o.a.j.t.JMeterThread: Thread finished: Thread Group 1-62
2024-11-28 12:32:27,905 INFO o.a.j.t.JMeterThread: Thread is done: Thread Group 1-63
2024-11-28 12:32:27,905 INFO o.a.j.t.JMeterThread: Thread finished: Thread Group 1-63
2024-11-28 12:32:27,909 INFO o.a.j.t.JMeterThread: Thread started: Thread Group 1-64
2024-11-28 12:32:27,916 INFO o.a.j.t.JMeterThread: Thread started: Thread Group 1-65
2024-11-28 12:32:27,918 INFO o.a.j.t.JMeterThread: Thread is done: Thread Group 1-64
2024-11-28 12:32:27,918 INFO o.a.j.t.JMeterThread: Thread finished: Thread Group 1-64
2024-11-28 12:32:27,926 INFO o.a.j.t.JMeterThread: Thread is done: Thread Group 1-65
2024-11-28 12:32:27,926 INFO o.a.j.t.JMeterThread: Thread finished: Thread Group 1-65
2024-11-28 12:32:27,930 INFO o.a.j.t.JMeterThread: Thread started: Thread Group 1-66
2024-11-28 12:32:27,939 INFO o.a.j.t.JMeterThread: Thread is done: Thread Group 1-66
2024-11-28 12:32:27,939 INFO o.a.j.t.JMeterThread: Thread finished: Thread Group 1-66
2024-11-28 12:32:27,940 INFO o.a.j.t.JMeterThread: Thread started: Thread Group 1-67
2024-11-28 12:32:27,947 INFO o.a.j.t.JMeterThread: Thread started: Thread Group 1-68
2024-11-28 12:32:27,949 INFO o.a.j.t.JMeterThread: Thread is done: Thread Group 1-67
2024-11-28 12:32:27,949 INFO o.a.j.t.JMeterThread: Thread finished: Thread Group 1-67
2024-11-28 12:32:27,956 INFO o.a.j.t.JMeterThread: Thread is done: Thread Group 1-68
2024-11-28 12:32:27,956 INFO o.a.j.t.JMeterThread: Thread finished: Thread Group 1-68
2024-11-28 12:32:27,959 INFO o.a.j.t.JMeterThread: Thread started: Thread Group 1-69
2024-11-28 12:32:27,967 INFO o.a.j.t.JMeterThread: Thread started: Thread Group 1-70
2024-11-28 12:32:27,971 INFO o.a.j.t.JMeterThread: Thread is done: Thread Group 1-69
2024-11-28 12:32:27,971 INFO o.a.j.t.JMeterThread: Thread finished: Thread Group 1-69
2024-11-28 12:32:27,977 INFO o.a.j.t.JMeterThread: Thread started: Thread Group 1-71
2024-11-28 12:32:27,977 INFO o.a.j.t.JMeterThread: Thread is done: Thread Group 1-70
2024-11-28 12:32:27,977 INFO o.a.j.t.JMeterThread: Thread finished: Thread Group 1-70
2024-11-28 12:32:27,986 INFO o.a.j.t.JMeterThread: Thread is done: Thread Group 1-71
2024-11-28 12:32:27,986 INFO o.a.j.t.JMeterThread: Thread finished: Thread Group 1-71
2024-11-28 12:32:27,988 INFO o.a.j.t.JMeterThread: Thread started: Thread Group 1-72
2024-11-28 12:32:27,997 INFO o.a.j.t.JMeterThread: Thread is done: Thread Group 1-72
2024-11-28 12:32:27,997 INFO o.a.j.t.JMeterThread: Thread finished: Thread Group 1-72
2024-11-28 12:32:27,998 INFO o.a.j.t.JMeterThread: Thread started: Thread Group 1-73
2024-11-28 12:32:28,006 INFO o.a.j.t.JMeterThread: Thread is done: Thread Group 1-73
2024-11-28 12:32:28,006 INFO o.a.j.t.JMeterThread: Thread finished: Thread Group 1-73
2024-11-28 12:32:28,007 INFO o.a.j.t.JMeterThread: Thread started: Thread Group 1-74
2024-11-28 12:32:28,016 INFO o.a.j.t.JMeterThread: Thread is done: Thread Group 1-74
2024-11-28 12:32:28,016 INFO o.a.j.t.JMeterThread: Thread finished: Thread Group 1-74
2024-11-28 12:32:28,020 INFO o.a.j.t.JMeterThread: Thread started: Thread Group 1-75
2024-11-28 12:32:28,027 INFO o.a.j.t.JMeterThread: Thread started: Thread Group 1-76
2024-11-28 12:32:28,030 INFO o.a.j.t.JMeterThread: Thread is done: Thread Group 1-75
2024-11-28 12:32:28,030 INFO o.a.j.t.JMeterThread: Thread finished: Thread Group 1-75
2024-11-28 12:32:28,036 INFO o.a.j.t.JMeterThread: Thread is done: Thread Group 1-76
2024-11-28 12:32:28,036 INFO o.a.j.t.JMeterThread: Thread finished: Thread Group 1-76
2024-11-28 12:32:28,038 INFO o.a.j.t.JMeterThread: Thread started: Thread Group 1-77
2024-11-28 12:32:28,047 INFO o.a.j.t.JMeterThread: Thread is done: Thread Group 1-77
2024-11-28 12:32:28,047 INFO o.a.j.t.JMeterThread: Thread finished: Thread Group 1-77
2024-11-28 12:32:28,048 INFO o.a.j.t.JMeterThread: Thread started: Thread Group 1-78
2024-11-28 12:32:28,058 INFO o.a.j.t.JMeterThread: Thread is done: Thread Group 1-78
2024-11-28 12:32:28,058 INFO o.a.j.t.JMeterThread: Thread finished: Thread Group 1-78
2024-11-28 12:32:28,058 INFO o.a.j.t.JMeterThread: Thread started: Thread Group 1-79
2024-11-28 12:32:28,067 INFO o.a.j.t.JMeterThread: Thread is done: Thread Group 1-79
2024-11-28 12:32:28,067 INFO o.a.j.t.JMeterThread: Thread finished: Thread Group 1-79
2024-11-28 12:32:28,071 INFO o.a.j.t.JMeterThread: Thread started: Thread Group 1-80
2024-11-28 12:32:28,078 INFO o.a.j.t.JMeterThread: Thread started: Thread Group 1-81
2024-11-28 12:32:28,081 INFO o.a.j.t.JMeterThread: Thread is done: Thread Group 1-80
2024-11-28 12:32:28,081 INFO o.a.j.t.JMeterThread: Thread finished: Thread Group 1-80
2024-11-28 12:32:28,086 INFO o.a.j.t.JMeterThread: Thread started: Thread Group 1-82
2024-11-28 12:32:28,087 INFO o.a.j.t.JMeterThread: Thread is done: Thread Group 1-81
2024-11-28 12:32:28,087 INFO o.a.j.t.JMeterThread: Thread finished: Thread Group 1-81
2024-11-28 12:32:28,094 INFO o.a.j.t.JMeterThread: Thread is done: Thread Group 1-82
2024-11-28 12:32:28,094 INFO o.a.j.t.JMeterThread: Thread finished: Thread Group 1-82
2024-11-28 12:32:28,102 INFO o.a.j.t.JMeterThread: Thread started: Thread Group 1-83
2024-11-28 12:32:28,108 INFO o.a.j.t.JMeterThread: Thread started: Thread Group 1-84
2024-11-28 12:32:28,111 INFO o.a.j.t.JMeterThread: Thread is done: Thread Group 1-83
2024-11-28 12:32:28,111 INFO o.a.j.t.JMeterThread: Thread finished: Thread Group 1-83
2024-11-28 12:32:28,117 INFO o.a.j.t.JMeterThread: Thread is done: Thread Group 1-84
2024-11-28 12:32:28,117 INFO o.a.j.t.JMeterThread: Thread finished: Thread Group 1-84
2024-11-28 12:32:28,118 INFO o.a.j.t.JMeterThread: Thread started: Thread Group 1-85
2024-11-28 12:32:28,126 INFO o.a.j.t.JMeterThread: Thread is done: Thread Group 1-85
2024-11-28 12:32:28,126 INFO o.a.j.t.JMeterThread: Thread finished: Thread Group 1-85
2024-11-28 12:32:28,127 INFO o.a.j.t.JMeterThread: Thread started: Thread Group 1-86
2024-11-28 12:32:28,135 INFO o.a.j.t.JMeterThread: Thread is done: Thread Group 1-86
2024-11-28 12:32:28,135 INFO o.a.j.t.JMeterThread: Thread finished: Thread Group 1-86
2024-11-28 12:32:28,141 INFO o.a.j.t.JMeterThread: Thread started: Thread Group 1-87
2024-11-28 12:32:28,146 INFO o.a.j.t.JMeterThread: Thread started: Thread Group 1-88
2024-11-28 12:32:28,150 INFO o.a.j.t.JMeterThread: Thread is done: Thread Group 1-87
2024-11-28 12:32:28,150 INFO o.a.j.t.JMeterThread: Thread finished: Thread Group 1-87
2024-11-28 12:32:28,155 INFO o.a.j.t.JMeterThread: Thread is done: Thread Group 1-88
2024-11-28 12:32:28,155 INFO o.a.j.t.JMeterThread: Thread finished: Thread Group 1-88
2024-11-28 12:32:28,156 INFO o.a.j.t.JMeterThread: Thread started: Thread Group 1-89
2024-11-28 12:32:28,164 INFO o.a.j.t.JMeterThread: Thread is done: Thread Group 1-89
2024-11-28 12:32:28,164 INFO o.a.j.t.JMeterThread: Thread finished: Thread Group 1-89
2024-11-28 12:32:28,170 INFO o.a.j.t.JMeterThread: Thread started: Thread Group 1-90
2024-11-28 12:32:28,177 INFO o.a.j.t.JMeterThread: Thread started: Thread Group 1-91
2024-11-28 12:32:28,180 INFO o.a.j.t.JMeterThread: Thread is done: Thread Group 1-90
2024-11-28 12:32:28,180 INFO o.a.j.t.JMeterThread: Thread finished: Thread Group 1-90
2024-11-28 12:32:28,186 INFO o.a.j.t.JMeterThread: Thread started: Thread Group 1-92
2024-11-28 12:32:28,187 INFO o.a.j.t.JMeterThread: Thread is done: Thread Group 1-91
2024-11-28 12:32:28,187 INFO o.a.j.t.JMeterThread: Thread finished: Thread Group 1-91
2024-11-28 12:32:28,196 INFO o.a.j.t.JMeterThread: Thread is done: Thread Group 1-92
2024-11-28 12:32:28,196 INFO o.a.j.t.JMeterThread: Thread finished: Thread Group 1-92
2024-11-28 12:32:28,198 INFO o.a.j.t.JMeterThread: Thread started: Thread Group 1-93
2024-11-28 12:32:28,209 INFO o.a.j.t.JMeterThread: Thread is done: Thread Group 1-93
2024-11-28 12:32:28,210 INFO o.a.j.t.JMeterThread: Thread finished: Thread Group 1-93
2024-11-28 12:32:28,210 INFO o.a.j.t.JMeterThread: Thread started: Thread Group 1-94
2024-11-28 12:32:28,219 INFO o.a.j.t.JMeterThread: Thread is done: Thread Group 1-94
2024-11-28 12:32:28,219 INFO o.a.j.t.JMeterThread: Thread finished: Thread Group 1-94
2024-11-28 12:32:28,221 INFO o.a.j.t.JMeterThread: Thread started: Thread Group 1-95
2024-11-28 12:32:28,229 INFO o.a.j.t.JMeterThread: Thread is done: Thread Group 1-95
2024-11-28 12:32:28,229 INFO o.a.j.t.JMeterThread: Thread finished: Thread Group 1-95
2024-11-28 12:32:28,231 INFO o.a.j.t.JMeterThread: Thread started: Thread Group 1-96
2024-11-28 12:32:28,238 INFO o.a.j.t.JMeterThread: Thread started: Thread Group 1-97
2024-11-28 12:32:28,242 INFO o.a.j.t.JMeterThread: Thread is done: Thread Group 1-96
2024-11-28 12:32:28,242 INFO o.a.j.t.JMeterThread: Thread finished: Thread Group 1-96
2024-11-28 12:32:28,248 INFO o.a.j.t.JMeterThread: Thread is done: Thread Group 1-97
2024-11-28 12:32:28,248 INFO o.a.j.t.JMeterThread: Thread finished: Thread Group 1-97
2024-11-28 12:32:28,251 INFO o.a.j.t.JMeterThread: Thread started: Thread Group 1-98
2024-11-28 12:32:28,260 INFO o.a.j.t.JMeterThread: Thread is done: Thread Group 1-98
2024-11-28 12:32:28,260 INFO o.a.j.t.JMeterThread: Thread finished: Thread Group 1-98
2024-11-28 12:32:28,262 INFO o.a.j.t.JMeterThread: Thread started: Thread Group 1-99
2024-11-28 12:32:28,269 INFO o.a.j.t.JMeterThread: Thread started: Thread Group 1-100
2024-11-28 12:32:28,271 INFO o.a.j.t.JMeterThread: Thread is done: Thread Group 1-99
2024-11-28 12:32:28,271 INFO o.a.j.t.JMeterThread: Thread finished: Thread Group 1-99
2024-11-28 12:32:28,279 INFO o.a.j.t.JMeterThread: Thread is done: Thread Group 1-100
2024-11-28 12:32:28,279 INFO o.a.j.t.JMeterThread: Thread finished: Thread Group 1-100
2024-11-28 12:32:28,279 INFO o.a.j.e.StandardJMeterEngine: Notifying test listeners of end of test
2024-11-28 12:32:28,280 INFO o.a.j.r.Summariser: summary =   1000 in 00:00:01 =  988.1/s Avg:     3 Min:     0 Max:    43 Err:    69 (6.90%)
